-------------------------------------------------------------------------------
Test set: ch.subsidia.jpademo.JpaDemoApplicationTests
-------------------------------------------------------------------------------
Tests run: 5, Failures: 1, Errors: 0, Skipped: 0, Time elapsed: 1.822 s <<< FAILURE! - in ch.subsidia.jpademo.JpaDemoApplicationTests
findOne__withEntityGraph_expectCompleteResolved  Time elapsed: 0.236 s  <<< FAILURE!
org.opentest4j.AssertionFailedError: expected: <3> but was: <2>
	at ch.subsidia.jpademo.JpaDemoApplicationTests.findOne__withEntityGraph_expectCompleteResolved(JpaDemoApplicationTests.java:81)

