<?xml version="1.0" encoding="UTF-8"?>
<testsuite xmlns:xsi="http://www.w3.org/2001/XMLSchema-instance" xsi:noNamespaceSchemaLocation="https://maven.apache.org/surefire/maven-surefire-plugin/xsd/surefire-test-report.xsd" name="ch.subsidia.jpademo.JpaDemoApplicationTests" time="1.822" tests="5" errors="0" skipped="0" failures="1">
  <properties>
[...]
</properties>
  <testcase name="findOne__withEntityGraph_expectCompleteResolved" classname="ch.subsidia.jpademo.JpaDemoApplicationTests" time="0.236">
    <failure message="expected: &lt;3&gt; but was: &lt;2&gt;" type="org.opentest4j.AssertionFailedError"><![CDATA[org.opentest4j.AssertionFailedError: expected: <3> but was: <2>
	at ch.subsidia.jpademo.JpaDemoApplicationTests.findOne__withEntityGraph_expectCompleteResolved(JpaDemoApplicationTests.java:81)
]]></failure>
    <system-out><![CDATA[18:16:13.735 [main] DEBUG org.springframework.boot.test.context.SpringBootTestContextBootstrapper -- Neither @ContextConfiguration nor @ContextHierarchy found for test class [JpaDemoApplicationTests]: using SpringBootContextLoader
18:16:13.737 [main] DEBUG org.springframework.test.context.support.AbstractContextLoader -- Could not detect default resource locations for test class [ch.subsidia.jpademo.JpaDemoApplicationTests]: no resource found for suffixes {-context.xml, Context.groovy}.
18:16:13.737 [main] INFO org.springframework.test.context.support.AnnotationConfigContextLoaderUtils -- Could not detect default configuration classes for test class [ch.subsidia.jpademo.JpaDemoApplicationTests]: JpaDemoApplicationTests does not declare any static, non-private, non-final, nested classes annotated with @Configuration.
18:16:13.746 [main] DEBUG org.springframework.boot.test.context.SpringBootTestContextBootstrapper -- Using ContextCustomizers for test class [JpaDemoApplicationTests]: [ExcludeFilterContextCustomizer, DuplicateJsonObjectContextCustomizer, MockitoContextCustomizer, TestRestTemplateContextCustomizer, DisableObservabilityContextCustomizer, PropertyMappingContextCustomizer, Customizer]
18:16:13.776 [main] DEBUG org.springframework.context.annotation.ClassPathScanningCandidateComponentProvider -- Identified candidate component class: file [/Users/danielvontobel/_dev-migrations/jpa-demo/target/classes/ch/subsidia/jpademo/JpaDemoApplication.class]
18:16:13.777 [main] INFO org.springframework.boot.test.context.SpringBootTestContextBootstrapper -- Found @SpringBootConfiguration ch.subsidia.jpademo.JpaDemoApplication for test class ch.subsidia.jpademo.JpaDemoApplicationTests
18:16:13.809 [main] DEBUG org.springframework.test.context.util.TestContextSpringFactoriesUtils -- Skipping candidate TestExecutionListener [org.springframework.test.context.web.ServletTestExecutionListener] due to a missing dependency. Specify custom TestExecutionListener classes or make the default TestExecutionListener classes and their required dependencies available. Offending class: jakarta/servlet/ServletContext
18:16:13.810 [main] DEBUG org.springframework.test.context.util.TestContextSpringFactoriesUtils -- Skipping candidate TestExecutionListener [org.springframework.test.context.observation.MicrometerObservationRegistryTestExecutionListener] due to a missing dependency. Specify custom TestExecutionListener classes or make the default TestExecutionListener classes and their required dependencies available. Offending class: io.micrometer.context.ThreadLocalAccessor. MicrometerObservationRegistryTestExecutionListener requires io.micrometer:micrometer-observation:1.10.8 or higher and io.micrometer:context-propagation:1.0.3 or higher.
18:16:13.814 [main] DEBUG org.springframework.boot.test.context.SpringBootTestContextBootstrapper -- Using TestExecutionListeners for test class [JpaDemoApplicationTests]: [DirtiesContextBeforeModesTestExecutionListener, ApplicationEventsTestExecutionListener, MockitoTestExecutionListener, DependencyInjectionTestExecutionListener, DirtiesContextTestExecutionListener, TransactionalTestExecutionListener, SqlScriptsTestExecutionListener, EventPublishingTestExecutionListener, ResetMocksTestExecutionListener, RestDocsTestExecutionListener, MockRestServiceServerResetTestExecutionListener, MockMvcPrintOnlyOnFailureTestExecutionListener, WebDriverTestExecutionListener, MockWebServiceServerTestExecutionListener]
18:16:13.815 [main] DEBUG org.springframework.test.context.support.DirtiesContextBeforeModesTestExecutionListener -- Before test class: class [JpaDemoApplicationTests], class annotated with @DirtiesContext [false] with mode [null]
18:16:13.822 [main] DEBUG org.springframework.test.context.support.DependencyInjectionTestExecutionListener -- Performing dependency injection for test class ch.subsidia.jpademo.JpaDemoApplicationTests

  .   ____          _            __ _ _
 /\\ / ___'_ __ _ _(_)_ __  __ _ \ \ \ \
( ( )\___ | '_ | '_| | '_ \/ _` | \ \ \ \
 \\/  ___)| |_)| | | | | || (_| |  ) ) ) )
  '  |____| .__|_| |_|_| |_\__, | / / / /
 =========|_|==============|___/=/_/_/_/
 :: Spring Boot ::                (v3.0.9)

2023-08-11T18:16:13.977+02:00  INFO 17971 --- [           main] c.s.jpademo.JpaDemoApplicationTests      : Starting JpaDemoApplicationTests using Java 17.0.3 with PID 17971 (started by danielvontobel in /Users/danielvontobel/_dev-migrations/jpa-demo)
2023-08-11T18:16:13.977+02:00  INFO 17971 --- [           main] c.s.jpademo.JpaDemoApplicationTests      : No active profile set, falling back to 1 default profile: "default"
2023-08-11T18:16:15.147+02:00  INFO 17971 --- [           main] c.s.jpademo.JpaDemoApplicationTests      : Started JpaDemoApplicationTests in 1.315 seconds (process running for 1.682)
2023-08-11T18:16:15.254+02:00 DEBUG 17971 --- [           main] org.hibernate.SQL                        : insert into author (name) values (?)
2023-08-11T18:16:15.270+02:00 DEBUG 17971 --- [           main] org.hibernate.SQL                        : insert into book (author_id, genre, isbn, title) values (?, ?, ?, ?)
2023-08-11T18:16:15.279+02:00 DEBUG 17971 --- [           main] org.hibernate.SQL                        : insert into book (author_id, genre, isbn, title) values (?, ?, ?, ?)
2023-08-11T18:16:15.289+02:00 DEBUG 17971 --- [           main] org.hibernate.SQL                        : insert into book (author_id, genre, isbn, title) values (?, ?, ?, ?)
2023-08-11T18:16:15.369+02:00 DEBUG 17971 --- [           main] org.hibernate.SQL                        : select a1_0.id,b1_0.author_id,b1_0.id,b1_0.genre,b1_0.isbn,b1_0.title,a1_0.name from author a1_0 left join book b1_0 on a1_0.id=b1_0.author_id where a1_0.id=? fetch first ? rows only
]]></system-out>
  </testcase>
  <testcase name="findById__withEntityGraph_expectCompleteResolved" classname="ch.subsidia.jpademo.JpaDemoApplicationTests" time="0.05"/>
  <testcase name="findById_withoutEntityGraph_expectLazyInitialization" classname="ch.subsidia.jpademo.JpaDemoApplicationTests" time="0.026"/>
  <testcase name="findOne_withoutEntityGraph_expectLazyInitialization" classname="ch.subsidia.jpademo.JpaDemoApplicationTests" time="0.02"/>
  <testcase name="contextLoads" classname="ch.subsidia.jpademo.JpaDemoApplicationTests" time="0.007"/>
</testsuite>